/*C1*/SET SCHEMA SYSTEM_LOBS
INSERT INTO BLOCKS VALUES(0,2147483647,0)
COMMIT
/*C3*/SET SCHEMA PUBLIC
CREATE TABLE  categoria(\u000a    id INTEGER GENERATED BY DEFAULT AS IDENTITY(START WITH 1, INCREMENT BY 1) PRIMARY KEY not null,\u000a    nombre VARCHAR(60) NOT NULL,\u000a    is_activa boolean DEFAULT true\u000a\u000a)
CREATE TABLE  sub_categoria(\u000a    id INTEGER GENERATED BY DEFAULT AS IDENTITY(START WITH 1, INCREMENT BY 1) PRIMARY KEY not null,\u000a    nombre VARCHAR(60) NOT NULL,\u000a    is_activa boolean DEFAULT true,\u000a    categoria_id INT,\u000a    FOREIGN KEY (categoria_id) REFERENCES categoria(id)\u000a)
CREATE TABLE  variedad(\u000a    id INTEGER GENERATED BY DEFAULT AS IDENTITY(START WITH 1, INCREMENT BY 1) PRIMARY KEY not null,\u000a    nombre VARCHAR(60) NOT NULL\u000a \u000a)
CREATE TABLE bodega(\u000a    id INTEGER GENERATED BY DEFAULT AS IDENTITY(START WITH 1, INCREMENT BY 1) PRIMARY KEY not null,\u000a    nombre VARCHAR(100) NOT NULL\u000a\u000a)
CREATE TABLE producto (\u000a    id INTEGER GENERATED BY DEFAULT AS IDENTITY(START WITH 1, INCREMENT BY 1) PRIMARY KEY not null,\u000a    nombre VARCHAR(100) NOT NULL,\u000a    precio DECIMAL(6,2) NOT NULL,\u000a    descripcion clob,\u000a    stock int NOT NULL,\u000a    imagen clob NOT NULL,\u000a    is_disponible BOOLEAN NOT NULL,\u000a    sub_categoria_id INT NOT NULL,\u000a    bodega_id INT NOT NULL,\u000a    variedad_id INT ,\u000a    FOREIGN KEY (sub_categoria_id) REFERENCES sub_categoria(id),\u000a    FOREIGN KEY (bodega_id) REFERENCES bodega(id),\u000a    FOREIGN KEY (variedad_id) REFERENCES variedad(id)\u000a)
CREATE TABLE  promocion(\u000a    id INTEGER GENERATED BY DEFAULT AS IDENTITY(START WITH 1, INCREMENT BY 1) PRIMARY KEY not null,\u000a    nombre VARCHAR(100) NOT NULL,\u000a    precio DECIMAL(6,2) NOT NULL,\u000a    producto_id INT,\u000a    FOREIGN KEY (producto_id) REFERENCES producto(id)\u000a    \u000a)
CREATE TABLE  usuario(\u000a    id INTEGER GENERATED BY DEFAULT AS IDENTITY(START WITH 1, INCREMENT BY 1) PRIMARY KEY not null,\u000a    nombre VARCHAR(100) NOT NULL,\u000a    apellido VARCHAR(100) NOT NULL,\u000a    telefono VARCHAR(60),\u000a    email VARCHAR(100) UNIQUE NOT NULL,\u000a    password VARCHAR(68) NOT NULL,\u000a    is_activo BOOLEAN DEFAULT true\u000a)
CREATE TABLE  carrito(\u000a    id INTEGER GENERATED BY DEFAULT AS IDENTITY(START WITH 1, INCREMENT BY 1) PRIMARY KEY not null,\u000a    fecha_creacion TIMESTAMP,\u000a    usuario_id int not null,\u000a    FOREIGN KEY (usuario_id) REFERENCES usuario(id)\u000a)
CREATE TABLE  carrito_item(\u000a    id INTEGER GENERATED BY DEFAULT AS IDENTITY(START WITH 1, INCREMENT BY 1) PRIMARY KEY not null,\u000a    cantidad int NOT NULL,\u000a    sub_total DECIMAL(6,2) NOT NULL,\u000a    carrito_id int not null ,\u000a    producto_id int not null,\u000a    FOREIGN KEY (carrito_id) REFERENCES carrito(id),\u000a    FOREIGN KEY (producto_id) REFERENCES producto(id)\u000a  \u000a)
INSERT INTO CATEGORIA VALUES(1,'Vinos',TRUE)
INSERT INTO CATEGORIA VALUES(2,'Delicatessen',TRUE)
INSERT INTO CATEGORIA VALUES(3,'Accesorios',TRUE)
COMMIT
INSERT INTO SUB_CATEGORIA VALUES(1,'Tinto',TRUE,1)
INSERT INTO SUB_CATEGORIA VALUES(2,'Blanco',TRUE,1)
INSERT INTO SUB_CATEGORIA VALUES(3,'Rosado',TRUE,1)
INSERT INTO SUB_CATEGORIA VALUES(4,'Dulce',TRUE,1)
INSERT INTO SUB_CATEGORIA VALUES(5,'Blend',TRUE,1)
INSERT INTO SUB_CATEGORIA VALUES(6,'Estuches',TRUE,1)
INSERT INTO SUB_CATEGORIA VALUES(7,'Aceites',TRUE,2)
INSERT INTO SUB_CATEGORIA VALUES(8,'Dulces',TRUE,2)
INSERT INTO SUB_CATEGORIA VALUES(9,'Salados',TRUE,2)
INSERT INTO SUB_CATEGORIA VALUES(10,'Cristaleria',TRUE,3)
INSERT INTO SUB_CATEGORIA VALUES(11,'Cavas',TRUE,3)
INSERT INTO SUB_CATEGORIA VALUES(12,'Otros',TRUE,3)
COMMIT
INSERT INTO VARIEDAD VALUES(1,'Malbec')
INSERT INTO VARIEDAD VALUES(2,'Cabernet Sauvignon')
INSERT INTO VARIEDAD VALUES(3,'Pinot Noir')
INSERT INTO VARIEDAD VALUES(4,'Merlot')
INSERT INTO VARIEDAD VALUES(5,'Syrah')
INSERT INTO VARIEDAD VALUES(6,'Torront\u00e9s')
INSERT INTO VARIEDAD VALUES(7,'Bonarda')
INSERT INTO VARIEDAD VALUES(8,'Tempranillo')
INSERT INTO VARIEDAD VALUES(9,'Tannat')
INSERT INTO VARIEDAD VALUES(10,'Chardonnay')
INSERT INTO VARIEDAD VALUES(11,'Cabernet Franc')
INSERT INTO VARIEDAD VALUES(12,'Semill\u00f3n')
INSERT INTO VARIEDAD VALUES(13,'Tard\u00edo')
INSERT INTO VARIEDAD VALUES(14,'Sauvignon Blanc')
INSERT INTO VARIEDAD VALUES(15,'Oliva')
INSERT INTO VARIEDAD VALUES(16,'Girasol')
INSERT INTO VARIEDAD VALUES(17,'Cacao Amargo')
INSERT INTO VARIEDAD VALUES(18,'Blanco')
INSERT INTO VARIEDAD VALUES(19,'Snacks')
INSERT INTO VARIEDAD VALUES(20,'Copa vino tinto')
INSERT INTO VARIEDAD VALUES(21,'Copa vino blanco')
INSERT INTO VARIEDAD VALUES(22,'Copa champagne')
INSERT INTO VARIEDAD VALUES(23,'Vaso cerveza')
INSERT INTO VARIEDAD VALUES(24,'Vaso whisky')
INSERT INTO VARIEDAD VALUES(25,'Saca corcho')
COMMIT
INSERT INTO BODEGA VALUES(1,'Alamos')
INSERT INTO BODEGA VALUES(2,'Altos Las Hormigas')
INSERT INTO BODEGA VALUES(3,'Benegas')
INSERT INTO BODEGA VALUES(4,'Callia')
INSERT INTO BODEGA VALUES(5,'Catena Zapata')
INSERT INTO BODEGA VALUES(6,'El Esteco')
INSERT INTO BODEGA VALUES(7,'Estancia Mendoza')
INSERT INTO BODEGA VALUES(8,'Familia Zuccardi')
INSERT INTO BODEGA VALUES(9,'Finca Las Moras')
INSERT INTO BODEGA VALUES(10,'Finca Quara')
INSERT INTO BODEGA VALUES(11,'Lopez')
INSERT INTO BODEGA VALUES(12,'Luigi Bosca')
INSERT INTO BODEGA VALUES(13,'Nieto Senetiner')
INSERT INTO BODEGA VALUES(14,'Navarro Correas')
INSERT INTO BODEGA VALUES(15,'Las Perdices')
INSERT INTO BODEGA VALUES(16,'Latitud 33')
INSERT INTO BODEGA VALUES(17,'San Huberto')
INSERT INTO BODEGA VALUES(18,'Trapiche')
INSERT INTO BODEGA VALUES(19,'Arcor')
INSERT INTO BODEGA VALUES(20,'Essencia')
INSERT INTO BODEGA VALUES(21,'Achaval Ferrer ')
INSERT INTO BODEGA VALUES(22,'Oliovita')
INSERT INTO BODEGA VALUES(23,'Lindt')
INSERT INTO BODEGA VALUES(24,'Salgado')
INSERT INTO BODEGA VALUES(25,'Belgian')
INSERT INTO BODEGA VALUES(26,'Spiegelau')
INSERT INTO BODEGA VALUES(27,'Cristaleria AWS')
INSERT INTO BODEGA VALUES(28,'Tramontina')
COMMIT
/*C1*/INSERT INTO LOB_IDS VALUES(1,26,0,40)
ALTER SEQUENCE SYSTEM_LOBS.LOB_ID RESTART WITH 2
COMMIT
DELETE FROM BLOCKS WHERE BLOCK_ADDR=0
INSERT INTO BLOCKS VALUES(0,1,0)
INSERT INTO BLOCKS VALUES(1,2147483646,0)
DELETE FROM BLOCKS WHERE BLOCK_ADDR=0
INSERT INTO LOBS VALUES(0,1,0,1)
COMMIT
INSERT INTO LOB_IDS VALUES(2,133826,0,40)
ALTER SEQUENCE SYSTEM_LOBS.LOB_ID RESTART WITH 3
COMMIT
DELETE FROM BLOCKS WHERE BLOCK_ADDR=1
INSERT INTO BLOCKS VALUES(1,9,0)
INSERT INTO BLOCKS VALUES(10,2147483637,0)
DELETE FROM BLOCKS WHERE BLOCK_ADDR=1
INSERT INTO LOBS VALUES(1,9,0,2)
COMMIT
/*C3*/INSERT INTO PRODUCTO VALUES(1,'Vino Tinto Uno',235.00,1,27,2,TRUE,1,9,1)
SET SCHEMA SYSTEM_LOBS
DELETE FROM LOB_IDS WHERE LOB_ID=1
INSERT INTO LOB_IDS VALUES(1,26,1,40)
DELETE FROM LOB_IDS WHERE LOB_ID=2
INSERT INTO LOB_IDS VALUES(2,133826,1,40)
COMMIT
/*C1*/INSERT INTO LOB_IDS VALUES(3,26,0,40)
ALTER SEQUENCE SYSTEM_LOBS.LOB_ID RESTART WITH 4
COMMIT
DELETE FROM BLOCKS WHERE BLOCK_ADDR=10
INSERT INTO BLOCKS VALUES(10,1,0)
INSERT INTO BLOCKS VALUES(11,2147483636,0)
DELETE FROM BLOCKS WHERE BLOCK_ADDR=10
INSERT INTO LOBS VALUES(10,1,0,3)
COMMIT
INSERT INTO LOB_IDS VALUES(4,133826,0,40)
ALTER SEQUENCE SYSTEM_LOBS.LOB_ID RESTART WITH 5
COMMIT
DELETE FROM BLOCKS WHERE BLOCK_ADDR=11
INSERT INTO BLOCKS VALUES(11,9,0)
INSERT INTO BLOCKS VALUES(20,2147483627,0)
DELETE FROM BLOCKS WHERE BLOCK_ADDR=11
INSERT INTO LOBS VALUES(11,9,0,4)
COMMIT
/*C3*/SET SCHEMA PUBLIC
INSERT INTO PRODUCTO VALUES(2,'Vino Tinto Dos',149.00,3,15,4,TRUE,1,15,2)
SET SCHEMA SYSTEM_LOBS
DELETE FROM LOB_IDS WHERE LOB_ID=3
INSERT INTO LOB_IDS VALUES(3,26,1,40)
DELETE FROM LOB_IDS WHERE LOB_ID=4
INSERT INTO LOB_IDS VALUES(4,133826,1,40)
COMMIT
/*C1*/INSERT INTO LOB_IDS VALUES(5,28,0,40)
ALTER SEQUENCE SYSTEM_LOBS.LOB_ID RESTART WITH 6
COMMIT
DELETE FROM BLOCKS WHERE BLOCK_ADDR=20
INSERT INTO BLOCKS VALUES(20,1,0)
INSERT INTO BLOCKS VALUES(21,2147483626,0)
DELETE FROM BLOCKS WHERE BLOCK_ADDR=20
INSERT INTO LOBS VALUES(20,1,0,5)
COMMIT
INSERT INTO LOB_IDS VALUES(6,191050,0,40)
ALTER SEQUENCE SYSTEM_LOBS.LOB_ID RESTART WITH 7
COMMIT
DELETE FROM BLOCKS WHERE BLOCK_ADDR=21
INSERT INTO BLOCKS VALUES(21,12,0)
INSERT INTO BLOCKS VALUES(33,2147483614,0)
DELETE FROM BLOCKS WHERE BLOCK_ADDR=21
INSERT INTO LOBS VALUES(21,12,0,6)
COMMIT
/*C3*/SET SCHEMA PUBLIC
INSERT INTO PRODUCTO VALUES(3,'Vino Blanco Uno',126.00,5,43,6,TRUE,2,11,14)
SET SCHEMA SYSTEM_LOBS
DELETE FROM LOB_IDS WHERE LOB_ID=5
INSERT INTO LOB_IDS VALUES(5,28,1,40)
DELETE FROM LOB_IDS WHERE LOB_ID=6
INSERT INTO LOB_IDS VALUES(6,191050,1,40)
COMMIT
/*C1*/INSERT INTO LOB_IDS VALUES(7,29,0,40)
ALTER SEQUENCE SYSTEM_LOBS.LOB_ID RESTART WITH 8
COMMIT
DELETE FROM BLOCKS WHERE BLOCK_ADDR=33
INSERT INTO BLOCKS VALUES(33,1,0)
INSERT INTO BLOCKS VALUES(34,2147483613,0)
DELETE FROM BLOCKS WHERE BLOCK_ADDR=33
INSERT INTO LOBS VALUES(33,1,0,7)
COMMIT
INSERT INTO LOB_IDS VALUES(8,181910,0,40)
ALTER SEQUENCE SYSTEM_LOBS.LOB_ID RESTART WITH 9
COMMIT
DELETE FROM BLOCKS WHERE BLOCK_ADDR=34
INSERT INTO BLOCKS VALUES(34,12,0)
INSERT INTO BLOCKS VALUES(46,2147483601,0)
DELETE FROM BLOCKS WHERE BLOCK_ADDR=34
INSERT INTO LOBS VALUES(34,12,0,8)
COMMIT
/*C3*/SET SCHEMA PUBLIC
INSERT INTO PRODUCTO VALUES(4,'Vino Rosado Uno',187.00,7,32,8,TRUE,3,4,5)
SET SCHEMA SYSTEM_LOBS
DELETE FROM LOB_IDS WHERE LOB_ID=7
INSERT INTO LOB_IDS VALUES(7,29,1,40)
DELETE FROM LOB_IDS WHERE LOB_ID=8
INSERT INTO LOB_IDS VALUES(8,181910,1,40)
COMMIT
/*C1*/INSERT INTO LOB_IDS VALUES(9,27,0,40)
ALTER SEQUENCE SYSTEM_LOBS.LOB_ID RESTART WITH 10
COMMIT
DELETE FROM BLOCKS WHERE BLOCK_ADDR=46
INSERT INTO BLOCKS VALUES(46,1,0)
INSERT INTO BLOCKS VALUES(47,2147483600,0)
DELETE FROM BLOCKS WHERE BLOCK_ADDR=46
INSERT INTO LOBS VALUES(46,1,0,9)
COMMIT
INSERT INTO LOB_IDS VALUES(10,194722,0,40)
ALTER SEQUENCE SYSTEM_LOBS.LOB_ID RESTART WITH 11
COMMIT
DELETE FROM BLOCKS WHERE BLOCK_ADDR=47
INSERT INTO BLOCKS VALUES(47,12,0)
INSERT INTO BLOCKS VALUES(59,2147483588,0)
DELETE FROM BLOCKS WHERE BLOCK_ADDR=47
INSERT INTO LOBS VALUES(47,12,0,10)
COMMIT
/*C3*/SET SCHEMA PUBLIC
INSERT INTO PRODUCTO VALUES(5,'Vino Dulce Uno',175.00,9,21,10,TRUE,4,18,12)
SET SCHEMA SYSTEM_LOBS
DELETE FROM LOB_IDS WHERE LOB_ID=9
INSERT INTO LOB_IDS VALUES(9,27,1,40)
DELETE FROM LOB_IDS WHERE LOB_ID=10
INSERT INTO LOB_IDS VALUES(10,194722,1,40)
COMMIT
/*C1*/INSERT INTO LOB_IDS VALUES(11,32,0,40)
ALTER SEQUENCE SYSTEM_LOBS.LOB_ID RESTART WITH 12
COMMIT
DELETE FROM BLOCKS WHERE BLOCK_ADDR=59
INSERT INTO BLOCKS VALUES(59,1,0)
INSERT INTO BLOCKS VALUES(60,2147483587,0)
DELETE FROM BLOCKS WHERE BLOCK_ADDR=59
INSERT INTO LOBS VALUES(59,1,0,11)
COMMIT
INSERT INTO LOB_IDS VALUES(12,52926,0,40)
ALTER SEQUENCE SYSTEM_LOBS.LOB_ID RESTART WITH 13
COMMIT
DELETE FROM BLOCKS WHERE BLOCK_ADDR=60
INSERT INTO BLOCKS VALUES(60,4,0)
INSERT INTO BLOCKS VALUES(64,2147483583,0)
DELETE FROM BLOCKS WHERE BLOCK_ADDR=60
INSERT INTO LOBS VALUES(60,4,0,12)
COMMIT
/*C3*/SET SCHEMA PUBLIC
INSERT INTO PRODUCTO VALUES(6,'Chocolate Negro uno',100.00,11,58,12,TRUE,8,23,17)
SET SCHEMA SYSTEM_LOBS
DELETE FROM LOB_IDS WHERE LOB_ID=11
INSERT INTO LOB_IDS VALUES(11,32,1,40)
DELETE FROM LOB_IDS WHERE LOB_ID=12
INSERT INTO LOB_IDS VALUES(12,52926,1,40)
COMMIT
/*C1*/INSERT INTO LOB_IDS VALUES(13,32,0,40)
ALTER SEQUENCE SYSTEM_LOBS.LOB_ID RESTART WITH 14
COMMIT
DELETE FROM BLOCKS WHERE BLOCK_ADDR=64
INSERT INTO BLOCKS VALUES(64,1,0)
INSERT INTO BLOCKS VALUES(65,2147483582,0)
DELETE FROM BLOCKS WHERE BLOCK_ADDR=64
INSERT INTO LOBS VALUES(64,1,0,13)
COMMIT
INSERT INTO LOB_IDS VALUES(14,250094,0,40)
ALTER SEQUENCE SYSTEM_LOBS.LOB_ID RESTART WITH 15
COMMIT
DELETE FROM BLOCKS WHERE BLOCK_ADDR=65
INSERT INTO BLOCKS VALUES(65,16,0)
INSERT INTO BLOCKS VALUES(81,2147483566,0)
DELETE FROM BLOCKS WHERE BLOCK_ADDR=65
INSERT INTO LOBS VALUES(65,16,0,14)
COMMIT
/*C3*/SET SCHEMA PUBLIC
INSERT INTO PRODUCTO VALUES(7,'Aceite oliva uno',143.00,13,32,14,TRUE,7,22,15)
SET SCHEMA SYSTEM_LOBS
DELETE FROM LOB_IDS WHERE LOB_ID=13
INSERT INTO LOB_IDS VALUES(13,32,1,40)
DELETE FROM LOB_IDS WHERE LOB_ID=14
INSERT INTO LOB_IDS VALUES(14,250094,1,40)
COMMIT
/*C1*/INSERT INTO LOB_IDS VALUES(15,21,0,40)
ALTER SEQUENCE SYSTEM_LOBS.LOB_ID RESTART WITH 16
COMMIT
DELETE FROM BLOCKS WHERE BLOCK_ADDR=81
INSERT INTO BLOCKS VALUES(81,1,0)
INSERT INTO BLOCKS VALUES(82,2147483565,0)
DELETE FROM BLOCKS WHERE BLOCK_ADDR=81
INSERT INTO LOBS VALUES(81,1,0,15)
COMMIT
INSERT INTO LOB_IDS VALUES(16,117210,0,40)
ALTER SEQUENCE SYSTEM_LOBS.LOB_ID RESTART WITH 17
COMMIT
DELETE FROM BLOCKS WHERE BLOCK_ADDR=82
INSERT INTO BLOCKS VALUES(82,8,0)
INSERT INTO BLOCKS VALUES(90,2147483557,0)
DELETE FROM BLOCKS WHERE BLOCK_ADDR=82
INSERT INTO LOBS VALUES(82,8,0,16)
COMMIT
/*C3*/SET SCHEMA PUBLIC
INSERT INTO PRODUCTO VALUES(8,'Sanack uno',76.00,15,68,16,TRUE,9,19,19)
SET SCHEMA SYSTEM_LOBS
DELETE FROM LOB_IDS WHERE LOB_ID=15
INSERT INTO LOB_IDS VALUES(15,21,1,40)
DELETE FROM LOB_IDS WHERE LOB_ID=16
INSERT INTO LOB_IDS VALUES(16,117210,1,40)
COMMIT
/*C1*/INSERT INTO LOB_IDS VALUES(17,22,0,40)
ALTER SEQUENCE SYSTEM_LOBS.LOB_ID RESTART WITH 18
COMMIT
DELETE FROM BLOCKS WHERE BLOCK_ADDR=90
INSERT INTO BLOCKS VALUES(90,1,0)
INSERT INTO BLOCKS VALUES(91,2147483556,0)
DELETE FROM BLOCKS WHERE BLOCK_ADDR=90
INSERT INTO LOBS VALUES(90,1,0,17)
COMMIT
INSERT INTO LOB_IDS VALUES(18,98178,0,40)
ALTER SEQUENCE SYSTEM_LOBS.LOB_ID RESTART WITH 19
COMMIT
DELETE FROM BLOCKS WHERE BLOCK_ADDR=91
INSERT INTO BLOCKS VALUES(91,6,0)
INSERT INTO BLOCKS VALUES(97,2147483550,0)
DELETE FROM BLOCKS WHERE BLOCK_ADDR=91
INSERT INTO LOBS VALUES(91,6,0,18)
COMMIT
/*C3*/SET SCHEMA PUBLIC
INSERT INTO PRODUCTO VALUES(9,'Snack dos',42.00,17,98,18,TRUE,9,19,19)
SET SCHEMA SYSTEM_LOBS
DELETE FROM LOB_IDS WHERE LOB_ID=17
INSERT INTO LOB_IDS VALUES(17,22,1,40)
DELETE FROM LOB_IDS WHERE LOB_ID=18
INSERT INTO LOB_IDS VALUES(18,98178,1,40)
COMMIT
/*C1*/INSERT INTO LOB_IDS VALUES(19,32,0,40)
ALTER SEQUENCE SYSTEM_LOBS.LOB_ID RESTART WITH 20
COMMIT
DELETE FROM BLOCKS WHERE BLOCK_ADDR=97
INSERT INTO BLOCKS VALUES(97,1,0)
INSERT INTO BLOCKS VALUES(98,2147483549,0)
DELETE FROM BLOCKS WHERE BLOCK_ADDR=97
INSERT INTO LOBS VALUES(97,1,0,19)
COMMIT
INSERT INTO LOB_IDS VALUES(20,31150,0,40)
ALTER SEQUENCE SYSTEM_LOBS.LOB_ID RESTART WITH 21
COMMIT
DELETE FROM BLOCKS WHERE BLOCK_ADDR=98
INSERT INTO BLOCKS VALUES(98,2,0)
INSERT INTO BLOCKS VALUES(100,2147483547,0)
DELETE FROM BLOCKS WHERE BLOCK_ADDR=98
INSERT INTO LOBS VALUES(98,2,0,20)
COMMIT
/*C3*/SET SCHEMA PUBLIC
INSERT INTO PRODUCTO VALUES(10,'Copa uno',234.00,19,54,20,TRUE,10,26,20)
SET SCHEMA SYSTEM_LOBS
DELETE FROM LOB_IDS WHERE LOB_ID=19
INSERT INTO LOB_IDS VALUES(19,32,1,40)
DELETE FROM LOB_IDS WHERE LOB_ID=20
INSERT INTO LOB_IDS VALUES(20,31150,1,40)
COMMIT
/*C1*/INSERT INTO LOB_IDS VALUES(21,28,0,40)
ALTER SEQUENCE SYSTEM_LOBS.LOB_ID RESTART WITH 22
COMMIT
DELETE FROM BLOCKS WHERE BLOCK_ADDR=100
INSERT INTO BLOCKS VALUES(100,1,0)
INSERT INTO BLOCKS VALUES(101,2147483546,0)
DELETE FROM BLOCKS WHERE BLOCK_ADDR=100
INSERT INTO LOBS VALUES(100,1,0,21)
COMMIT
INSERT INTO LOB_IDS VALUES(22,149242,0,40)
ALTER SEQUENCE SYSTEM_LOBS.LOB_ID RESTART WITH 23
COMMIT
DELETE FROM BLOCKS WHERE BLOCK_ADDR=101
INSERT INTO BLOCKS VALUES(101,10,0)
INSERT INTO BLOCKS VALUES(111,2147483536,0)
DELETE FROM BLOCKS WHERE BLOCK_ADDR=101
INSERT INTO LOBS VALUES(101,10,0,22)
COMMIT
/*C3*/SET SCHEMA PUBLIC
INSERT INTO PRODUCTO VALUES(11,'Saca corcho uno',122.00,21,10,22,TRUE,12,28,25)
SET SCHEMA SYSTEM_LOBS
DELETE FROM LOB_IDS WHERE LOB_ID=21
INSERT INTO LOB_IDS VALUES(21,28,1,40)
DELETE FROM LOB_IDS WHERE LOB_ID=22
INSERT INTO LOB_IDS VALUES(22,149242,1,40)
COMMIT
/*C1*/INSERT INTO LOB_IDS VALUES(23,24,0,40)
ALTER SEQUENCE SYSTEM_LOBS.LOB_ID RESTART WITH 24
COMMIT
DELETE FROM BLOCKS WHERE BLOCK_ADDR=111
INSERT INTO BLOCKS VALUES(111,1,0)
INSERT INTO BLOCKS VALUES(112,2147483535,0)
DELETE FROM BLOCKS WHERE BLOCK_ADDR=111
INSERT INTO LOBS VALUES(111,1,0,23)
COMMIT
INSERT INTO LOB_IDS VALUES(24,132742,0,40)
ALTER SEQUENCE SYSTEM_LOBS.LOB_ID RESTART WITH 25
COMMIT
DELETE FROM BLOCKS WHERE BLOCK_ADDR=112
INSERT INTO BLOCKS VALUES(112,9,0)
INSERT INTO BLOCKS VALUES(121,2147483526,0)
DELETE FROM BLOCKS WHERE BLOCK_ADDR=112
INSERT INTO LOBS VALUES(112,9,0,24)
COMMIT
/*C3*/SET SCHEMA PUBLIC
INSERT INTO PRODUCTO VALUES(12,'Candies uno.',67.00,23,53,24,TRUE,8,24,17)
SET SCHEMA SYSTEM_LOBS
DELETE FROM LOB_IDS WHERE LOB_ID=23
INSERT INTO LOB_IDS VALUES(23,24,1,40)
DELETE FROM LOB_IDS WHERE LOB_ID=24
INSERT INTO LOB_IDS VALUES(24,132742,1,40)
COMMIT
/*C1*/INSERT INTO LOB_IDS VALUES(25,24,0,40)
ALTER SEQUENCE SYSTEM_LOBS.LOB_ID RESTART WITH 26
COMMIT
DELETE FROM BLOCKS WHERE BLOCK_ADDR=121
INSERT INTO BLOCKS VALUES(121,1,0)
INSERT INTO BLOCKS VALUES(122,2147483525,0)
DELETE FROM BLOCKS WHERE BLOCK_ADDR=121
INSERT INTO LOBS VALUES(121,1,0,25)
COMMIT
INSERT INTO LOB_IDS VALUES(26,17486,0,40)
ALTER SEQUENCE SYSTEM_LOBS.LOB_ID RESTART WITH 27
COMMIT
DELETE FROM BLOCKS WHERE BLOCK_ADDR=122
INSERT INTO BLOCKS VALUES(122,2,0)
INSERT INTO BLOCKS VALUES(124,2147483523,0)
DELETE FROM BLOCKS WHERE BLOCK_ADDR=122
INSERT INTO LOBS VALUES(122,2,0,26)
COMMIT
/*C3*/SET SCHEMA PUBLIC
INSERT INTO PRODUCTO VALUES(13,'Copa vino dos',267.00,25,43,26,TRUE,10,26,20)
SET SCHEMA SYSTEM_LOBS
DELETE FROM LOB_IDS WHERE LOB_ID=25
INSERT INTO LOB_IDS VALUES(25,24,1,40)
DELETE FROM LOB_IDS WHERE LOB_ID=26
INSERT INTO LOB_IDS VALUES(26,17486,1,40)
COMMIT
/*C1*/INSERT INTO LOB_IDS VALUES(27,28,0,40)
ALTER SEQUENCE SYSTEM_LOBS.LOB_ID RESTART WITH 28
COMMIT
DELETE FROM BLOCKS WHERE BLOCK_ADDR=124
INSERT INTO BLOCKS VALUES(124,1,0)
INSERT INTO BLOCKS VALUES(125,2147483522,0)
DELETE FROM BLOCKS WHERE BLOCK_ADDR=124
INSERT INTO LOBS VALUES(124,1,0,27)
COMMIT
INSERT INTO LOB_IDS VALUES(28,191050,0,40)
ALTER SEQUENCE SYSTEM_LOBS.LOB_ID RESTART WITH 29
COMMIT
DELETE FROM BLOCKS WHERE BLOCK_ADDR=125
INSERT INTO BLOCKS VALUES(125,12,0)
INSERT INTO BLOCKS VALUES(137,2147483510,0)
DELETE FROM BLOCKS WHERE BLOCK_ADDR=125
INSERT INTO LOBS VALUES(125,12,0,28)
COMMIT
/*C3*/SET SCHEMA PUBLIC
INSERT INTO PRODUCTO VALUES(14,'Vino Blanco dos',169.00,27,74,28,TRUE,2,13,6)
SET SCHEMA SYSTEM_LOBS
DELETE FROM LOB_IDS WHERE LOB_ID=27
INSERT INTO LOB_IDS VALUES(27,28,1,40)
DELETE FROM LOB_IDS WHERE LOB_ID=28
INSERT INTO LOB_IDS VALUES(28,191050,1,40)
COMMIT
SET SCHEMA PUBLIC
DISCONNECT
